<?xml version="1.0" encoding="UTF-8"?>
<testsuite xmlns:xsi="http://www.w3.org/2001/XMLSchema-instance" xsi:noNamespaceSchemaLocation="https://maven.apache.org/surefire/maven-surefire-plugin/xsd/surefire-test-report-3.0.xsd" version="3.0" name="Validating Place API&apos;s" time="11.336" tests="2" errors="0" skipped="0" failures="0">
  <properties>
    <property name="sun.desktop" value="windows"/>
    <property name="awt.toolkit" value="sun.awt.windows.WToolkit"/>
    <property name="file.encoding.pkg" value="sun.io"/>
    <property name="java.specification.version" value="1.8"/>
    <property name="sun.cpu.isalist" value="amd64"/>
    <property name="sun.jnu.encoding" value="Cp1252"/>
    <property name="java.class.path" value="C:\Users\Amala.Arockiaraj\IdeaProjects\RestAssured\target\test-classes;C:\Users\Amala.Arockiaraj\IdeaProjects\RestAssured\target\classes;C:\Users\Amala.Arockiaraj\.m2\repository\io\rest-assured\rest-assured\4.5.1\rest-assured-4.5.1.jar;C:\Users\Amala.Arockiaraj\.m2\repository\org\codehaus\groovy\groovy\3.0.9\groovy-3.0.9.jar;C:\Users\Amala.Arockiaraj\.m2\repository\org\codehaus\groovy\groovy-xml\3.0.9\groovy-xml-3.0.9.jar;C:\Users\Amala.Arockiaraj\.m2\repository\org\apache\httpcomponents\httpclient\4.5.13\httpclient-4.5.13.jar;C:\Users\Amala.Arockiaraj\.m2\repository\org\apache\httpcomponents\httpcore\4.4.13\httpcore-4.4.13.jar;C:\Users\Amala.Arockiaraj\.m2\repository\commons-logging\commons-logging\1.2\commons-logging-1.2.jar;C:\Users\Amala.Arockiaraj\.m2\repository\commons-codec\commons-codec\1.11\commons-codec-1.11.jar;C:\Users\Amala.Arockiaraj\.m2\repository\org\apache\httpcomponents\httpmime\4.5.13\httpmime-4.5.13.jar;C:\Users\Amala.Arockiaraj\.m2\repository\org\ccil\cowan\tagsoup\tagsoup\1.2.1\tagsoup-1.2.1.jar;C:\Users\Amala.Arockiaraj\.m2\repository\io\rest-assured\xml-path\4.5.1\xml-path-4.5.1.jar;C:\Users\Amala.Arockiaraj\.m2\repository\org\hamcrest\hamcrest\2.2\hamcrest-2.2.jar;C:\Users\Amala.Arockiaraj\.m2\repository\com\nebhale\jsonpath\jsonpath\1.2\jsonpath-1.2.jar;C:\Users\Amala.Arockiaraj\.m2\repository\io\rest-assured\json-path\4.5.1\json-path-4.5.1.jar;C:\Users\Amala.Arockiaraj\.m2\repository\org\codehaus\groovy\groovy-json\3.0.9\groovy-json-3.0.9.jar;C:\Users\Amala.Arockiaraj\.m2\repository\io\rest-assured\rest-assured-common\4.5.1\rest-assured-common-4.5.1.jar;C:\Users\Amala.Arockiaraj\.m2\repository\org\apache\poi\poi-ooxml-schemas\4.1.2\poi-ooxml-schemas-4.1.2.jar;C:\Users\Amala.Arockiaraj\.m2\repository\org\apache\xmlbeans\xmlbeans\3.1.0\xmlbeans-3.1.0.jar;C:\Users\Amala.Arockiaraj\.m2\repository\org\apache\poi\poi-ooxml\3.9\poi-ooxml-3.9.jar;C:\Users\Amala.Arockiaraj\.m2\repository\org\apache\poi\poi\3.9\poi-3.9.jar;C:\Users\Amala.Arockiaraj\.m2\repository\dom4j\dom4j\1.6.1\dom4j-1.6.1.jar;C:\Users\Amala.Arockiaraj\.m2\repository\xml-apis\xml-apis\1.0.b2\xml-apis-1.0.b2.jar;C:\Users\Amala.Arockiaraj\.m2\repository\com\opencsv\opencsv\5.6\opencsv-5.6.jar;C:\Users\Amala.Arockiaraj\.m2\repository\org\apache\commons\commons-lang3\3.12.0\commons-lang3-3.12.0.jar;C:\Users\Amala.Arockiaraj\.m2\repository\org\apache\commons\commons-text\1.9\commons-text-1.9.jar;C:\Users\Amala.Arockiaraj\.m2\repository\commons-beanutils\commons-beanutils\1.9.4\commons-beanutils-1.9.4.jar;C:\Users\Amala.Arockiaraj\.m2\repository\commons-collections\commons-collections\3.2.2\commons-collections-3.2.2.jar;C:\Users\Amala.Arockiaraj\.m2\repository\org\apache\commons\commons-collections4\4.4\commons-collections4-4.4.jar;C:\Users\Amala.Arockiaraj\.m2\repository\commons-io\commons-io\2.11.0\commons-io-2.11.0.jar;C:\Users\Amala.Arockiaraj\.m2\repository\com\aventstack\extentreports\5.0.9\extentreports-5.0.9.jar;C:\Users\Amala.Arockiaraj\.m2\repository\io\reactivex\rxjava3\rxjava\3.0.4\rxjava-3.0.4.jar;C:\Users\Amala.Arockiaraj\.m2\repository\org\reactivestreams\reactive-streams\1.0.3\reactive-streams-1.0.3.jar;C:\Users\Amala.Arockiaraj\.m2\repository\org\freemarker\freemarker\2.3.30\freemarker-2.3.30.jar;C:\Users\Amala.Arockiaraj\.m2\repository\org\projectlombok\lombok\1.18.12\lombok-1.18.12.jar;C:\Users\Amala.Arockiaraj\.m2\repository\com\google\code\gson\gson\2.8.6\gson-2.8.6.jar;C:\Users\Amala.Arockiaraj\.m2\repository\com\relevantcodes\extentreports\2.41.2\extentreports-2.41.2.jar;C:\Users\Amala.Arockiaraj\.m2\repository\org\jsoup\jsoup\1.8.3\jsoup-1.8.3.jar;C:\Users\Amala.Arockiaraj\.m2\repository\org\xerial\sqlite-jdbc\3.8.11.1\sqlite-jdbc-3.8.11.1.jar;C:\Users\Amala.Arockiaraj\.m2\repository\org\mongodb\mongodb-driver\3.0.4\mongodb-driver-3.0.4.jar;C:\Users\Amala.Arockiaraj\.m2\repository\org\mongodb\bson\3.0.4\bson-3.0.4.jar;C:\Users\Amala.Arockiaraj\.m2\repository\org\mongodb\mongodb-driver-core\3.0.4\mongodb-driver-core-3.0.4.jar;C:\Users\Amala.Arockiaraj\.m2\repository\com\googlecode\json-simple\json-simple\1.1.1\json-simple-1.1.1.jar;C:\Users\Amala.Arockiaraj\.m2\repository\com\fasterxml\jackson\core\jackson-databind\2.13.2.2\jackson-databind-2.13.2.2.jar;C:\Users\Amala.Arockiaraj\.m2\repository\com\fasterxml\jackson\core\jackson-annotations\2.13.2\jackson-annotations-2.13.2.jar;C:\Users\Amala.Arockiaraj\.m2\repository\com\fasterxml\jackson\core\jackson-core\2.13.2\jackson-core-2.13.2.jar;C:\Users\Amala.Arockiaraj\.m2\repository\io\cucumber\cucumber-junit\7.2.3\cucumber-junit-7.2.3.jar;C:\Users\Amala.Arockiaraj\.m2\repository\org\apiguardian\apiguardian-api\1.1.2\apiguardian-api-1.1.2.jar;C:\Users\Amala.Arockiaraj\.m2\repository\io\cucumber\cucumber-java\7.2.3\cucumber-java-7.2.3.jar;C:\Users\Amala.Arockiaraj\.m2\repository\io\cucumber\cucumber-core\7.2.3\cucumber-core-7.2.3.jar;C:\Users\Amala.Arockiaraj\.m2\repository\io\cucumber\cucumber-gherkin\7.2.3\cucumber-gherkin-7.2.3.jar;C:\Users\Amala.Arockiaraj\.m2\repository\io\cucumber\cucumber-gherkin-messages\7.2.3\cucumber-gherkin-messages-7.2.3.jar;C:\Users\Amala.Arockiaraj\.m2\repository\io\cucumber\messages\17.1.1\messages-17.1.1.jar;C:\Users\Amala.Arockiaraj\.m2\repository\io\cucumber\tag-expressions\4.1.0\tag-expressions-4.1.0.jar;C:\Users\Amala.Arockiaraj\.m2\repository\io\cucumber\cucumber-expressions\15.0.1\cucumber-expressions-15.0.1.jar;C:\Users\Amala.Arockiaraj\.m2\repository\io\cucumber\datatable\7.2.3\datatable-7.2.3.jar;C:\Users\Amala.Arockiaraj\.m2\repository\io\cucumber\cucumber-plugin\7.2.3\cucumber-plugin-7.2.3.jar;C:\Users\Amala.Arockiaraj\.m2\repository\io\cucumber\docstring\7.2.3\docstring-7.2.3.jar;C:\Users\Amala.Arockiaraj\.m2\repository\io\cucumber\html-formatter\17.0.0\html-formatter-17.0.0.jar;C:\Users\Amala.Arockiaraj\.m2\repository\io\cucumber\ci-environment\8.1.0\ci-environment-8.1.0.jar;C:\Users\Amala.Arockiaraj\.m2\repository\junit\junit\4.13.1\junit-4.13.1.jar;C:\Users\Amala.Arockiaraj\.m2\repository\org\hamcrest\hamcrest-core\1.3\hamcrest-core-1.3.jar;"/>
    <property name="java.vm.vendor" value="Oracle Corporation"/>
    <property name="sun.arch.data.model" value="64"/>
    <property name="user.variant" value=""/>
    <property name="java.vendor.url" value="http://java.oracle.com/"/>
    <property name="user.timezone" value="Australia/Sydney"/>
    <property name="java.vm.specification.version" value="1.8"/>
    <property name="os.name" value="Windows 10"/>
    <property name="user.country" value="AU"/>
    <property name="sun.java.launcher" value="SUN_STANDARD"/>
    <property name="sun.boot.library.path" value="C:\Program Files\Java\jdk1.8.0_202\jre\bin"/>
    <property name="sun.java.command" value="C:\Users\Amala.Arockiaraj\AppData\Local\Temp\surefire2408420516671687599\surefirebooter2040106844210996219.jar C:\Users\Amala.Arockiaraj\AppData\Local\Temp\surefire2408420516671687599 2022-04-21T15-03-37_844-jvmRun1 surefire272394412609929039tmp surefire_01170146185520436439tmp"/>
    <property name="surefire.test.class.path" value="C:\Users\Amala.Arockiaraj\IdeaProjects\RestAssured\target\test-classes;C:\Users\Amala.Arockiaraj\IdeaProjects\RestAssured\target\classes;C:\Users\Amala.Arockiaraj\.m2\repository\io\rest-assured\rest-assured\4.5.1\rest-assured-4.5.1.jar;C:\Users\Amala.Arockiaraj\.m2\repository\org\codehaus\groovy\groovy\3.0.9\groovy-3.0.9.jar;C:\Users\Amala.Arockiaraj\.m2\repository\org\codehaus\groovy\groovy-xml\3.0.9\groovy-xml-3.0.9.jar;C:\Users\Amala.Arockiaraj\.m2\repository\org\apache\httpcomponents\httpclient\4.5.13\httpclient-4.5.13.jar;C:\Users\Amala.Arockiaraj\.m2\repository\org\apache\httpcomponents\httpcore\4.4.13\httpcore-4.4.13.jar;C:\Users\Amala.Arockiaraj\.m2\repository\commons-logging\commons-logging\1.2\commons-logging-1.2.jar;C:\Users\Amala.Arockiaraj\.m2\repository\commons-codec\commons-codec\1.11\commons-codec-1.11.jar;C:\Users\Amala.Arockiaraj\.m2\repository\org\apache\httpcomponents\httpmime\4.5.13\httpmime-4.5.13.jar;C:\Users\Amala.Arockiaraj\.m2\repository\org\ccil\cowan\tagsoup\tagsoup\1.2.1\tagsoup-1.2.1.jar;C:\Users\Amala.Arockiaraj\.m2\repository\io\rest-assured\xml-path\4.5.1\xml-path-4.5.1.jar;C:\Users\Amala.Arockiaraj\.m2\repository\org\hamcrest\hamcrest\2.2\hamcrest-2.2.jar;C:\Users\Amala.Arockiaraj\.m2\repository\com\nebhale\jsonpath\jsonpath\1.2\jsonpath-1.2.jar;C:\Users\Amala.Arockiaraj\.m2\repository\io\rest-assured\json-path\4.5.1\json-path-4.5.1.jar;C:\Users\Amala.Arockiaraj\.m2\repository\org\codehaus\groovy\groovy-json\3.0.9\groovy-json-3.0.9.jar;C:\Users\Amala.Arockiaraj\.m2\repository\io\rest-assured\rest-assured-common\4.5.1\rest-assured-common-4.5.1.jar;C:\Users\Amala.Arockiaraj\.m2\repository\org\apache\poi\poi-ooxml-schemas\4.1.2\poi-ooxml-schemas-4.1.2.jar;C:\Users\Amala.Arockiaraj\.m2\repository\org\apache\xmlbeans\xmlbeans\3.1.0\xmlbeans-3.1.0.jar;C:\Users\Amala.Arockiaraj\.m2\repository\org\apache\poi\poi-ooxml\3.9\poi-ooxml-3.9.jar;C:\Users\Amala.Arockiaraj\.m2\repository\org\apache\poi\poi\3.9\poi-3.9.jar;C:\Users\Amala.Arockiaraj\.m2\repository\dom4j\dom4j\1.6.1\dom4j-1.6.1.jar;C:\Users\Amala.Arockiaraj\.m2\repository\xml-apis\xml-apis\1.0.b2\xml-apis-1.0.b2.jar;C:\Users\Amala.Arockiaraj\.m2\repository\com\opencsv\opencsv\5.6\opencsv-5.6.jar;C:\Users\Amala.Arockiaraj\.m2\repository\org\apache\commons\commons-lang3\3.12.0\commons-lang3-3.12.0.jar;C:\Users\Amala.Arockiaraj\.m2\repository\org\apache\commons\commons-text\1.9\commons-text-1.9.jar;C:\Users\Amala.Arockiaraj\.m2\repository\commons-beanutils\commons-beanutils\1.9.4\commons-beanutils-1.9.4.jar;C:\Users\Amala.Arockiaraj\.m2\repository\commons-collections\commons-collections\3.2.2\commons-collections-3.2.2.jar;C:\Users\Amala.Arockiaraj\.m2\repository\org\apache\commons\commons-collections4\4.4\commons-collections4-4.4.jar;C:\Users\Amala.Arockiaraj\.m2\repository\commons-io\commons-io\2.11.0\commons-io-2.11.0.jar;C:\Users\Amala.Arockiaraj\.m2\repository\com\aventstack\extentreports\5.0.9\extentreports-5.0.9.jar;C:\Users\Amala.Arockiaraj\.m2\repository\io\reactivex\rxjava3\rxjava\3.0.4\rxjava-3.0.4.jar;C:\Users\Amala.Arockiaraj\.m2\repository\org\reactivestreams\reactive-streams\1.0.3\reactive-streams-1.0.3.jar;C:\Users\Amala.Arockiaraj\.m2\repository\org\freemarker\freemarker\2.3.30\freemarker-2.3.30.jar;C:\Users\Amala.Arockiaraj\.m2\repository\org\projectlombok\lombok\1.18.12\lombok-1.18.12.jar;C:\Users\Amala.Arockiaraj\.m2\repository\com\google\code\gson\gson\2.8.6\gson-2.8.6.jar;C:\Users\Amala.Arockiaraj\.m2\repository\com\relevantcodes\extentreports\2.41.2\extentreports-2.41.2.jar;C:\Users\Amala.Arockiaraj\.m2\repository\org\jsoup\jsoup\1.8.3\jsoup-1.8.3.jar;C:\Users\Amala.Arockiaraj\.m2\repository\org\xerial\sqlite-jdbc\3.8.11.1\sqlite-jdbc-3.8.11.1.jar;C:\Users\Amala.Arockiaraj\.m2\repository\org\mongodb\mongodb-driver\3.0.4\mongodb-driver-3.0.4.jar;C:\Users\Amala.Arockiaraj\.m2\repository\org\mongodb\bson\3.0.4\bson-3.0.4.jar;C:\Users\Amala.Arockiaraj\.m2\repository\org\mongodb\mongodb-driver-core\3.0.4\mongodb-driver-core-3.0.4.jar;C:\Users\Amala.Arockiaraj\.m2\repository\com\googlecode\json-simple\json-simple\1.1.1\json-simple-1.1.1.jar;C:\Users\Amala.Arockiaraj\.m2\repository\com\fasterxml\jackson\core\jackson-databind\2.13.2.2\jackson-databind-2.13.2.2.jar;C:\Users\Amala.Arockiaraj\.m2\repository\com\fasterxml\jackson\core\jackson-annotations\2.13.2\jackson-annotations-2.13.2.jar;C:\Users\Amala.Arockiaraj\.m2\repository\com\fasterxml\jackson\core\jackson-core\2.13.2\jackson-core-2.13.2.jar;C:\Users\Amala.Arockiaraj\.m2\repository\io\cucumber\cucumber-junit\7.2.3\cucumber-junit-7.2.3.jar;C:\Users\Amala.Arockiaraj\.m2\repository\org\apiguardian\apiguardian-api\1.1.2\apiguardian-api-1.1.2.jar;C:\Users\Amala.Arockiaraj\.m2\repository\io\cucumber\cucumber-java\7.2.3\cucumber-java-7.2.3.jar;C:\Users\Amala.Arockiaraj\.m2\repository\io\cucumber\cucumber-core\7.2.3\cucumber-core-7.2.3.jar;C:\Users\Amala.Arockiaraj\.m2\repository\io\cucumber\cucumber-gherkin\7.2.3\cucumber-gherkin-7.2.3.jar;C:\Users\Amala.Arockiaraj\.m2\repository\io\cucumber\cucumber-gherkin-messages\7.2.3\cucumber-gherkin-messages-7.2.3.jar;C:\Users\Amala.Arockiaraj\.m2\repository\io\cucumber\messages\17.1.1\messages-17.1.1.jar;C:\Users\Amala.Arockiaraj\.m2\repository\io\cucumber\tag-expressions\4.1.0\tag-expressions-4.1.0.jar;C:\Users\Amala.Arockiaraj\.m2\repository\io\cucumber\cucumber-expressions\15.0.1\cucumber-expressions-15.0.1.jar;C:\Users\Amala.Arockiaraj\.m2\repository\io\cucumber\datatable\7.2.3\datatable-7.2.3.jar;C:\Users\Amala.Arockiaraj\.m2\repository\io\cucumber\cucumber-plugin\7.2.3\cucumber-plugin-7.2.3.jar;C:\Users\Amala.Arockiaraj\.m2\repository\io\cucumber\docstring\7.2.3\docstring-7.2.3.jar;C:\Users\Amala.Arockiaraj\.m2\repository\io\cucumber\html-formatter\17.0.0\html-formatter-17.0.0.jar;C:\Users\Amala.Arockiaraj\.m2\repository\io\cucumber\ci-environment\8.1.0\ci-environment-8.1.0.jar;C:\Users\Amala.Arockiaraj\.m2\repository\junit\junit\4.13.1\junit-4.13.1.jar;C:\Users\Amala.Arockiaraj\.m2\repository\org\hamcrest\hamcrest-core\1.3\hamcrest-core-1.3.jar;"/>
    <property name="sun.cpu.endian" value="little"/>
    <property name="user.home" value="C:\Users\Amala.Arockiaraj"/>
    <property name="user.language" value="en"/>
    <property name="java.specification.vendor" value="Oracle Corporation"/>
    <property name="java.home" value="C:\Program Files\Java\jdk1.8.0_202\jre"/>
    <property name="basedir" value="C:\Users\Amala.Arockiaraj\IdeaProjects\RestAssured"/>
    <property name="file.separator" value="\"/>
    <property name="line.separator" value="&#10;"/>
    <property name="java.vm.specification.vendor" value="Oracle Corporation"/>
    <property name="java.specification.name" value="Java Platform API Specification"/>
    <property name="java.awt.graphicsenv" value="sun.awt.Win32GraphicsEnvironment"/>
    <property name="surefire.real.class.path" value="C:\Users\Amala.Arockiaraj\AppData\Local\Temp\surefire2408420516671687599\surefirebooter2040106844210996219.jar"/>
    <property name="sun.boot.class.path" value="C:\Program Files\Java\jdk1.8.0_202\jre\lib\resources.jar;C:\Program Files\Java\jdk1.8.0_202\jre\lib\rt.jar;C:\Program Files\Java\jdk1.8.0_202\jre\lib\sunrsasign.jar;C:\Program Files\Java\jdk1.8.0_202\jre\lib\jsse.jar;C:\Program Files\Java\jdk1.8.0_202\jre\lib\jce.jar;C:\Program Files\Java\jdk1.8.0_202\jre\lib\charsets.jar;C:\Program Files\Java\jdk1.8.0_202\jre\lib\jfr.jar;C:\Program Files\Java\jdk1.8.0_202\jre\classes"/>
    <property name="user.script" value=""/>
    <property name="sun.management.compiler" value="HotSpot 64-Bit Tiered Compilers"/>
    <property name="java.runtime.version" value="1.8.0_202-b08"/>
    <property name="user.name" value="Amala.Arockiaraj"/>
    <property name="path.separator" value=";"/>
    <property name="os.version" value="10.0"/>
    <property name="java.endorsed.dirs" value="C:\Program Files\Java\jdk1.8.0_202\jre\lib\endorsed"/>
    <property name="java.runtime.name" value="Java(TM) SE Runtime Environment"/>
    <property name="file.encoding" value="Cp1252"/>
    <property name="java.vm.name" value="Java HotSpot(TM) 64-Bit Server VM"/>
    <property name="localRepository" value="C:\Users\Amala.Arockiaraj\.m2\repository"/>
    <property name="java.vendor.url.bug" value="http://bugreport.sun.com/bugreport/"/>
    <property name="java.io.tmpdir" value="C:\Users\AMALA~1.ARO\AppData\Local\Temp\"/>
    <property name="java.version" value="1.8.0_202"/>
    <property name="user.dir" value="C:\Users\Amala.Arockiaraj\IdeaProjects\RestAssured"/>
    <property name="os.arch" value="amd64"/>
    <property name="java.vm.specification.name" value="Java Virtual Machine Specification"/>
    <property name="java.awt.printerjob" value="sun.awt.windows.WPrinterJob"/>
    <property name="sun.os.patch.level" value=""/>
    <property name="java.library.path" value="C:\Program Files\Java\jdk1.8.0_202\jre\bin;C:\Windows\Sun\Java\bin;C:\Windows\system32;C:\Windows;C:\Windows\system32;C:\Windows;C:\Windows\System32\Wbem;C:\Windows\System32\WindowsPowerShell\v1.0\;C:\Windows\System32\OpenSSH\;C:\Program Files\WindowsPowerShell\Scripts;C:\Program Files\dotnet\;C:\Program Files\PuTTY\;C:\Program Files\apache-maven-3.8.5\bin;C:\Program Files\Java\jdk1.8.0_202\bin;C:\Program Files\Git\cmd;C:\Program Files\Git\bin;C:\Users\Amala.Arockiaraj\AppData\Local\Microsoft\WindowsApps;;."/>
    <property name="java.vm.info" value="mixed mode"/>
    <property name="java.vendor" value="Oracle Corporation"/>
    <property name="java.vm.version" value="25.202-b08"/>
    <property name="java.ext.dirs" value="C:\Program Files\Java\jdk1.8.0_202\jre\lib\ext;C:\Windows\Sun\Java\lib\ext"/>
    <property name="sun.io.unicode.encoding" value="UnicodeLittle"/>
    <property name="java.class.version" value="52.0"/>
  </properties>
  <testcase name="Verify if Place is being Succesfully added using AddPlaceAPI #1" classname="Validating Place API&apos;s" time="7.21">
    <system-out><![CDATA[/maps/api/place/add/json
/maps/api/place/get/json
]]></system-out>
  </testcase>
  <testcase name="Verify if Place is being Succesfully added using AddPlaceAPI #2" classname="Validating Place API&apos;s" time="3.442">
    <system-out><![CDATA[/maps/api/place/add/json
/maps/api/place/get/json
]]></system-out>
  </testcase>
</testsuite>